[debug] [2025-09-24T06:44:08.082Z] ----------------------------------------------------------------------
[debug] [2025-09-24T06:44:08.087Z] Command:       C:\Program Files\nodejs\node.exe C:\Users\HP\AppData\Roaming\npm\node_modules\firebase-tools\lib\bin\firebase.js init functions
[debug] [2025-09-24T06:44:08.088Z] CLI Version:   14.17.0
[debug] [2025-09-24T06:44:08.089Z] Platform:      win32
[debug] [2025-09-24T06:44:08.089Z] Node Version:  v20.19.4
[debug] [2025-09-24T06:44:08.089Z] Time:          Wed Sep 24 2025 12:14:08 GMT+0530 (India Standard Time)
[debug] [2025-09-24T06:44:08.089Z] ----------------------------------------------------------------------
[debug] 
[debug] [2025-09-24T06:44:08.817Z] > command requires scopes: ["email","openid","https://www.googleapis.com/auth/cloudplatformprojects.readonly","https://www.googleapis.com/auth/firebase","https://www.googleapis.com/auth/cloud-platform"]
[debug] [2025-09-24T06:44:08.818Z] > authorizing via signed-in user (ajaybharathik@gmail.com)
[info] 
     ######## #### ########  ######## ########     ###     ######  ########
     ##        ##  ##     ## ##       ##     ##  ##   ##  ##       ##
     ######    ##  ########  ######   ########  #########  ######  ######
     ##        ##  ##    ##  ##       ##     ## ##     ##       ## ##
     ##       #### ##     ## ######## ########  ##     ##  ######  ########

You're about to initialize a Firebase project in this directory:

  C:\Users\HP\Documents\blacksheep

Before we get started, keep in mind:

  * You are initializing within an existing Firebase project directory

[info] 
=== Project Setup
[info] 
[info] First, let's associate this project directory with a Firebase project.
[info] You can create multiple project aliases by running firebase use --add, 
[info] but for now we'll just set up a default project.
[info] 
[debug] [2025-09-24T06:44:14.339Z] Using project from CLI flag: blacksheep-game
[debug] [2025-09-24T06:44:14.343Z] Checked if tokens are valid: true, expires at: 1758699043498
[debug] [2025-09-24T06:44:14.343Z] Checked if tokens are valid: true, expires at: 1758699043498
[debug] [2025-09-24T06:44:14.346Z] >>> [apiv2][query] GET https://firebase.googleapis.com/v1beta1/projects/blacksheep-game [none]
[debug] [2025-09-24T06:44:16.166Z] <<< [apiv2][status] GET https://firebase.googleapis.com/v1beta1/projects/blacksheep-game 200
[debug] [2025-09-24T06:44:16.167Z] <<< [apiv2][body] GET https://firebase.googleapis.com/v1beta1/projects/blacksheep-game {"projectId":"blacksheep-game","projectNumber":"790053208417","displayName":"blacksheep-game","name":"projects/blacksheep-game","resources":{"hostingSite":"blacksheep-game"},"state":"ACTIVE","etag":"1_96f4b6b4-8ef2-4f1f-84c8-b2752d73abf6"}
[info] i  Using project blacksheep-game (blacksheep-game) 
[info] 
=== Functions Setup
[debug] [2025-09-24T06:44:16.313Z] > command requires scopes: ["email","openid","https://www.googleapis.com/auth/cloudplatformprojects.readonly","https://www.googleapis.com/auth/firebase","https://www.googleapis.com/auth/cloud-platform"]
[debug] [2025-09-24T06:44:16.313Z] > authorizing via signed-in user (ajaybharathik@gmail.com)
[debug] [2025-09-24T06:44:16.313Z] [iam] checking project blacksheep-game for permissions ["firebase.projects.get"]
[debug] [2025-09-24T06:44:16.314Z] Checked if tokens are valid: true, expires at: 1758699043498
[debug] [2025-09-24T06:44:16.314Z] Checked if tokens are valid: true, expires at: 1758699043498
[debug] [2025-09-24T06:44:16.314Z] >>> [apiv2][query] POST https://cloudresourcemanager.googleapis.com/v1/projects/blacksheep-game:testIamPermissions [none]
[debug] [2025-09-24T06:44:16.314Z] >>> [apiv2][(partial)header] POST https://cloudresourcemanager.googleapis.com/v1/projects/blacksheep-game:testIamPermissions x-goog-quota-user=projects/blacksheep-game
[debug] [2025-09-24T06:44:16.314Z] >>> [apiv2][body] POST https://cloudresourcemanager.googleapis.com/v1/projects/blacksheep-game:testIamPermissions {"permissions":["firebase.projects.get"]}
[debug] [2025-09-24T06:44:17.600Z] <<< [apiv2][status] POST https://cloudresourcemanager.googleapis.com/v1/projects/blacksheep-game:testIamPermissions 200
[debug] [2025-09-24T06:44:17.601Z] <<< [apiv2][body] POST https://cloudresourcemanager.googleapis.com/v1/projects/blacksheep-game:testIamPermissions {"permissions":["firebase.projects.get"]}
[debug] [2025-09-24T06:44:17.605Z] Checked if tokens are valid: true, expires at: 1758699043498
[debug] [2025-09-24T06:44:17.605Z] Checked if tokens are valid: true, expires at: 1758699043498
[debug] [2025-09-24T06:44:17.607Z] Checked if tokens are valid: true, expires at: 1758699043498
[debug] [2025-09-24T06:44:17.607Z] Checked if tokens are valid: true, expires at: 1758699043498
[debug] [2025-09-24T06:44:17.608Z] >>> [apiv2][query] GET https://serviceusage.googleapis.com/v1/projects/blacksheep-game/services/cloudfunctions.googleapis.com [none]
[debug] [2025-09-24T06:44:17.608Z] >>> [apiv2][(partial)header] GET https://serviceusage.googleapis.com/v1/projects/blacksheep-game/services/cloudfunctions.googleapis.com x-goog-quota-user=projects/blacksheep-game
[debug] [2025-09-24T06:44:17.612Z] >>> [apiv2][query] GET https://serviceusage.googleapis.com/v1/projects/blacksheep-game/services/runtimeconfig.googleapis.com [none]
[debug] [2025-09-24T06:44:17.613Z] >>> [apiv2][(partial)header] GET https://serviceusage.googleapis.com/v1/projects/blacksheep-game/services/runtimeconfig.googleapis.com x-goog-quota-user=projects/blacksheep-game
[debug] [2025-09-24T06:44:19.315Z] <<< [apiv2][status] GET https://serviceusage.googleapis.com/v1/projects/blacksheep-game/services/runtimeconfig.googleapis.com 200
[debug] [2025-09-24T06:44:19.316Z] <<< [apiv2][body] GET https://serviceusage.googleapis.com/v1/projects/blacksheep-game/services/runtimeconfig.googleapis.com [omitted]
[debug] [2025-09-24T06:44:19.348Z] <<< [apiv2][status] GET https://serviceusage.googleapis.com/v1/projects/blacksheep-game/services/cloudfunctions.googleapis.com 200
[debug] [2025-09-24T06:44:19.349Z] <<< [apiv2][body] GET https://serviceusage.googleapis.com/v1/projects/blacksheep-game/services/cloudfunctions.googleapis.com [omitted]
[debug] [2025-09-24T06:44:19.351Z] Checked if tokens are valid: true, expires at: 1758699043498
[debug] [2025-09-24T06:44:19.352Z] Checked if tokens are valid: true, expires at: 1758699043498
[debug] [2025-09-24T06:44:19.352Z] >>> [apiv2][query] POST https://serviceusage.googleapis.com/v1/projects/blacksheep-game/services/cloudfunctions.googleapis.com:enable [none]
[debug] [2025-09-24T06:44:19.353Z] >>> [apiv2][(partial)header] POST https://serviceusage.googleapis.com/v1/projects/blacksheep-game/services/cloudfunctions.googleapis.com:enable x-goog-quota-user=projects/blacksheep-game
[debug] [2025-09-24T06:44:19.942Z] <<< [apiv2][status] POST https://serviceusage.googleapis.com/v1/projects/blacksheep-game/services/cloudfunctions.googleapis.com:enable 200
[debug] [2025-09-24T06:44:19.942Z] <<< [apiv2][body] POST https://serviceusage.googleapis.com/v1/projects/blacksheep-game/services/cloudfunctions.googleapis.com:enable [omitted]
[info] Let's create a new codebase for your functions.
[info] A directory corresponding to the codebase will be created in your project
[info] with sample code pre-configured.

[info] See https://firebase.google.com/docs/functions/organize-functions for
[info] more information on organizing your functions using codebases.

[info] Functions can be deployed with firebase deploy.

